<?xml version="1.0" encoding="UTF-8"?>
<testng-results ignored="0" total="2" passed="2" failed="0" skipped="0">
  <reporter-output>
  </reporter-output>
  <suite started-at="2022-09-02T13:34:00 EEST" name="Surefire suite" finished-at="2022-09-02T13:34:18 EEST" duration-ms="17676">
    <groups>
    </groups>
    <test started-at="2022-09-02T13:34:00 EEST" name="Surefire test" finished-at="2022-09-02T13:34:18 EEST" duration-ms="17676">
      <class name="ActionsTest">
        <test-method signature="dragAndDropTest()[pri:0, instance:ActionsTest@7219ec67]" started-at="2022-09-02T13:34:01 EEST" name="dragAndDropTest" finished-at="2022-09-02T13:34:13 EEST" duration-ms="12645" status="PASS">
          <reporter-output>
          </reporter-output>
        </test-method> <!-- dragAndDropTest -->
        <test-method signature="dragAndDropTest1()[pri:0, instance:ActionsTest@7219ec67]" started-at="2022-09-02T13:34:13 EEST" name="dragAndDropTest1" finished-at="2022-09-02T13:34:18 EEST" duration-ms="4894" status="PASS">
          <reporter-output>
          </reporter-output>
        </test-method> <!-- dragAndDropTest1 -->
      </class> <!-- ActionsTest -->
    </test> <!-- Surefire test -->
  </suite> <!-- Surefire suite -->
</testng-results>
